Success: 2013-06-02 21:44:37	2013-06-02 21:44:37	1	httpcode=200	http://kuaixun.stcn.com/2013/0331/10383917.shtml
Success: 2013-06-02 21:44:37	2013-06-02 21:44:37	34	httpcode=200	http://news.stcn.com/2013/0415/10412679.shtml
Success: 2013-06-02 21:44:37	2013-06-02 21:44:37	61	httpcode=200	http://cy.stcn.com/S/SH601012
Success: 2013-06-02 21:44:37	2013-06-02 21:44:37	69	httpcode=200	http://stock.stcn.com/2013/0423/10438065.shtml
Success: 2013-06-02 21:44:37	2013-06-02 21:44:38	55	httpcode=200	http://future.stcn.com/2013/0329/10379384.shtml
Success: 2013-06-02 21:44:37	2013-06-02 21:44:38	148	httpcode=200	http://company.stcn.com/2013/0402/10388201.shtml
Success: 2013-06-02 21:44:37	2013-06-02 21:44:38	152	httpcode=200	http://hk.stcn.com/2013/0114/10225402.shtml
Success: 2013-06-02 21:44:37	2013-06-02 21:44:38	480	httpcode=200	http://www.csair.com
Success: 2013-06-02 21:44:37	2013-06-02 21:44:38	273	httpcode=200	http://www.stcn.com/2013/0118/10235956.shtml
Success: 2013-06-02 21:44:37	2013-06-02 21:44:38	37	httpcode=200	http://fund.stcn.com/2013/0412/10408668.shtml
Success: 2013-06-02 21:44:38	2013-06-02 21:44:38	752	httpcode=200	http://finance.qq.com/stock/
Success: 2013-06-02 21:44:38	2013-06-02 21:44:40	530	httpcode=200	http://upload.stcn.com/2013/0328/1364464516959.pdf
Success: 2013-06-02 21:44:37	2013-06-02 21:44:40	502	httpcode=200	http://edu.stcn.com/2013/0322/10362207.shtml
Success: 2013-06-02 21:44:42	2013-06-02 21:44:42	365	httpcode=200	http://company.stcn.com/2013/0322/10362409.shtml
Success: 2013-06-02 21:44:42	2013-06-02 21:44:42	540	httpcode=200	http://www.stcn.com/storedraft/2013/0409/10400834.shtml
Failed: 2013-06-02 21:44:37	2013-06-02 21:44:43	4	1	http://financing.stcn.com/2013/0115/10228644.shtml	28	Resolving timed out after 5843 milliseconds
Failed: 2013-06-02 21:44:37	2013-06-02 21:44:43	172	1	http://overseas.stcn.com/2013/0411/10405690.shtml	28	Connection timed out after 5969 milliseconds
Success: 2013-06-02 21:44:37	2013-06-02 21:44:43	468	httpcode=200	http://xinpi.stcn.com/search.jsp?op=ksjs&kw3=sh600029
Success: 2013-06-02 21:44:43	2013-06-02 21:44:44	501	httpcode=200	http://edu.stcn.com/2013/0322/10362341.shtml
Success: 2013-06-02 21:44:43	2013-06-02 21:44:45	715	httpcode=200	http://xinpi.stcn.com/search.jsp?op=ksjs&kw3=sz002646
Failed: 2013-06-02 21:44:42	2013-06-02 21:44:47	751	1	http://cy.stcn.com/S/SZ000973	28	Resolving timed out after 5014 milliseconds
Failed: 2013-06-02 21:44:42	2013-06-02 21:44:47	749	1	http://news.stcn.com/2013/0322/10362431.shtml	28	Resolving timed out after 5014 milliseconds
Failed: 2013-06-02 21:44:42	2013-06-02 21:44:47	748	1	http://kuaixun.stcn.com/2013/0322/10362779.shtml	28	Resolving timed out after 5014 milliseconds
Failed: 2013-06-02 21:44:42	2013-06-02 21:44:47	736	1	http://stock.stcn.com/2013/0306/10324080.shtml	28	Resolving timed out after 5014 milliseconds
Failed: 2013-06-02 21:44:42	2013-06-02 21:44:47	710	1	http://financing.stcn.com/2013/0327/10371569.shtml	28	Resolving timed out after 5014 milliseconds
Failed: 2013-06-02 21:44:42	2013-06-02 21:44:47	574	1	http://fund.stcn.com/2013/0109/10214752.shtml	28	Resolving timed out after 5014 milliseconds
Failed: 2013-06-02 21:44:42	2013-06-02 21:44:47	376	1	http://research.stcn.com/ggyj/	28	Resolving timed out after 5014 milliseconds
Failed: 2013-06-02 21:44:37	2013-06-02 21:44:54	36	1	http://research.stcn.com/2013/0412/10408919.shtml	28	Operation timed out after 16638 milliseconds with 0 out of -1 bytes received
Failed: 2013-06-02 21:44:42	2013-06-02 21:44:54	372	1	http://overseas.stcn.com/2013/0219/10288338.shtml	28	Resolving timed out after 11420 milliseconds
Failed: 2013-06-02 21:44:42	2013-06-02 21:44:54	200	1	http://hk.stcn.com/2013/0116/10230787.shtml	28	Resolving timed out after 11420 milliseconds
Failed: 2013-06-02 21:44:47	2013-06-02 21:44:54	73	1	http://fund.stcn.com/2013/0423/10436681.shtml	28	Resolving timed out after 6480 milliseconds
Failed: 2013-06-02 21:44:47	2013-06-02 21:44:54	42	1	http://research.stcn.com/2013/0226/10302134.shtml	28	Resolving timed out after 6476 milliseconds
Failed: 2013-06-02 21:44:47	2013-06-02 21:44:54	238	1	http://news.stcn.com/2013/0221/10292365.shtml	28	Resolving timed out after 6468 milliseconds
Failed: 2013-06-02 21:44:47	2013-06-02 21:44:54	234	1	http://kuaixun.stcn.com/2013/0222/10296992.shtml	28	Resolving timed out after 6468 milliseconds
Failed: 2013-06-02 21:44:47	2013-06-02 21:44:54	222	1	http://stock.stcn.com/2013/0326/10368206.shtml	28	Resolving timed out after 6468 milliseconds
Failed: 2013-06-02 21:44:47	2013-06-02 21:44:54	209	1	http://financing.stcn.com/2013/0222/10295670.shtml	28	Resolving timed out after 6468 milliseconds
Success: 2013-06-02 21:44:54	2013-06-02 21:44:54	489	httpcode=200	http://fund.stcn.com/2013/0325/10364280.shtml
Success: 2013-06-02 21:44:52	2013-06-02 21:44:54	639	httpcode=200	http://news.stcn.com/2012/1225/7874348.shtml
Success: 2013-06-02 21:44:54	2013-06-02 21:44:54	627	httpcode=200	http://company.stcn.com/2013/0320/10356757.shtml
Success: 2013-06-02 21:44:52	2013-06-02 21:44:54	640	httpcode=200	http://cy.stcn.com/S/SZ300101
Success: 2013-06-02 21:44:54	2013-06-02 21:44:54	293	httpcode=200	http://financing.stcn.com/2013/0220/10290333.shtml
Success: 2013-06-02 21:44:52	2013-06-02 21:44:54	638	httpcode=200	http://kuaixun.stcn.com/2012/1226/10204166.shtml
Success: 2013-06-02 21:44:54	2013-06-02 21:44:54	586	httpcode=200	http://overseas.stcn.com/2013/0328/10376002.shtml
Success: 2013-06-02 21:44:52	2013-06-02 21:44:56	637	httpcode=200	http://stock.stcn.com/2012/1227/7890155.shtml
Success: 2013-06-02 21:44:57	2013-06-02 21:44:57	68	httpcode=200	http://cy.stcn.com/S/SZ300118
Success: 2013-06-02 21:44:59	2013-06-02 21:44:59	146	httpcode=200	http://fund.stcn.com/2013/0402/10388348.shtml
Success: 2013-06-02 21:44:59	2013-06-02 21:44:59	194	httpcode=200	http://overseas.stcn.com/2013/0410/10401838.shtml
Success: 2013-06-02 21:44:59	2013-06-02 21:44:59	206	httpcode=200	http://company.stcn.com/2013/0328/10375183.shtml
Success: 2013-06-02 21:44:59	2013-06-02 21:44:59	212	httpcode=200	http://financing.stcn.com/2013/0221/10294008.shtml
Success: 2013-06-02 21:45:02	2013-06-02 21:45:02	272	httpcode=200	http://cy.stcn.com/S/SH601311
Success: 2013-06-02 21:44:59	2013-06-02 21:45:03	177	httpcode=200	http://hk.stcn.com/2013/0222/10295873.shtml
Success: 2013-06-02 21:45:04	2013-06-02 21:45:04	539	httpcode=200	http://company.stcn.com/2013/0409/10400987.shtml
Success: 2013-06-02 21:45:07	2013-06-02 21:45:07	723	httpcode=200	http://stock.stcn.com/sz/002646/bxcg.html
Success: 2013-06-02 21:45:07	2013-06-02 21:45:07	483	httpcode=200	http://cy.stcn.com/url/mi4O
Success: 2013-06-02 21:45:07	2013-06-02 21:45:07	741	httpcode=200	http://kuaixun.stcn.com/2013/0408/10396564.shtml
Success: 2013-06-02 21:45:07	2013-06-02 21:45:09	742	httpcode=200	http://news.stcn.com/2013/0408/10396458.shtml
Success: 2013-06-02 21:45:09	2013-06-02 21:45:09	651	httpcode=200	http://hk.stcn.com/2013/0327/10371755.shtml
Success: 2013-06-02 21:45:09	2013-06-02 21:45:09	126	httpcode=200	http://fund.stcn.com/2013/0225/10298476.shtml
Success: 2013-06-02 21:45:09	2013-06-02 21:45:09	174	httpcode=200	http://overseas.stcn.com/2013/0411/10405397.shtml
Success: 2013-06-02 21:45:09	2013-06-02 21:45:09	183	httpcode=200	http://financing.stcn.com/2013/0410/10402656.shtml
Success: 2013-06-02 21:45:12	2013-06-02 21:45:12	187	httpcode=200	http://cy.stcn.com/S/SH600021
Success: 2013-06-02 21:45:12	2013-06-02 21:45:13	164	httpcode=200	http://stock.stcn.com/2013/0402/10388355.shtml
Success: 2013-06-02 21:45:14	2013-06-02 21:45:14	292	httpcode=200	http://financing.stcn.com/2013/0220/10290568.shtml
Success: 2013-06-02 21:45:14	2013-06-02 21:45:14	420	httpcode=200	http://overseas.stcn.com/2013/0218/10285488.shtml
Success: 2013-06-02 21:45:14	2013-06-02 21:45:14	332	httpcode=200	http://fund.stcn.com/2013/0115/10227782.shtml
Success: 2013-06-02 21:45:14	2013-06-02 21:45:14	456	httpcode=200	http://company.stcn.com/2013/0326/10368175.shtml
